Build started 2019-01-22 18:44:23.
     1>Project "C:\Users\yakuza\Documents\Visual Studio 2010\Projects\wielo2\wielo2\wielo2.vcxproj" on node 2 (build target(s)).
     1>InitializeBuildStatus:
         Creating "Debug\wielo2.unsuccessfulbuild" because "AlwaysCreate" was specified.
       ClCompile:
         C:\Program Files (x86)\Microsoft Visual Studio 10.0\VC\bin\CL.exe /c /ZI /nologo /W3 /WX- /Od /Oy- /D _MBCS /Gm /EHsc /RTC1 /MDd /GS /fp:precise /Zc:wchar_t /Zc:forScope /Fo"Debug\\" /Fd"Debug\vc100.pdb" /Gd /TP /analyze- /errorReport:prompt main.cpp
         Skipping... (no relevant changes detected)
         main.cpp
       Link:
         C:\Program Files (x86)\Microsoft Visual Studio 10.0\VC\bin\link.exe /ERRORREPORT:PROMPT /OUT:"C:\Users\yakuza\Documents\Visual Studio 2010\Projects\wielo2\Debug\wielo2.exe" /NOLOGO kernel32.lib user32.lib gdi32.lib winspool.lib comdlg32.lib advapi32.lib shell32.lib ole32.lib oleaut32.lib uuid.lib odbc32.lib odbccp32.lib /MANIFEST /ManifestFile:"Debug\wielo2.exe.intermediate.manifest" /MANIFESTUAC:"level='asInvoker' uiAccess='false'" /DEBUG /PDB:"C:\Users\yakuza\Documents\Visual Studio 2010\Projects\wielo2\Debug\wielo2.pdb" /TLBID:1 /DYNAMICBASE /NXCOMPAT /IMPLIB:"C:\Users\yakuza\Documents\Visual Studio 2010\Projects\wielo2\Debug\wielo2.lib" /MACHINE:X86 Debug\main.obj
         LINK : C:\Users\yakuza\Documents\Visual Studio 2010\Projects\wielo2\Debug\wielo2.exe not found or not built by the last incremental link; performing full link
         wielo2.vcxproj -> C:\Users\yakuza\Documents\Visual Studio 2010\Projects\wielo2\Debug\wielo2.exe
       Manifest:
         C:\Program Files (x86)\Microsoft SDKs\Windows\v7.0A\bin\mt.exe /nologo /verbose /outputresource:"C:\Users\yakuza\Documents\Visual Studio 2010\Projects\wielo2\Debug\wielo2.exe;#1" /manifest Debug\wielo2.exe.intermediate.manifest
       FinalizeBuildStatus:
         Deleting file "Debug\wielo2.unsuccessfulbuild".
         Touching "Debug\wielo2.lastbuildstate".
     1>Done Building Project "C:\Users\yakuza\Documents\Visual Studio 2010\Projects\wielo2\wielo2\wielo2.vcxproj" (build target(s)).

Build succeeded.

Time Elapsed 00:00:00.92
